[2026-06-06 18:41:30] LoginDialog __init__ - 加载的登录信息: 用户名=, 密码=
[2026-06-06 18:41:30] showEvent被调用
[2026-06-06 18:41:30] _auto_fill_pending: True
[2026-06-06 18:41:30] username: , password: 无
[2026-06-06 18:41:30] 没有保存的登录信息，跳过自动填充
[2026-06-06 18:41:37] LoginDialog __init__ - 加载的登录信息: 用户名=, 密码=
[2026-06-06 18:41:37] showEvent被调用
[2026-06-06 18:41:37] _auto_fill_pending: True
[2026-06-06 18:41:37] username: , password: 无
[2026-06-06 18:41:37] 没有保存的登录信息，跳过自动填充
[2026-06-06 19:28:02] LoginDialog __init__ - 加载的登录信息: 用户名=, 密码=
[2026-06-06 19:28:02] showEvent被调用
[2026-06-06 19:28:02] _auto_fill_pending: True
[2026-06-06 19:28:02] username: , password: 无
[2026-06-06 19:28:02] 没有保存的登录信息，跳过自动填充
[2026-06-06 20:30:04] LoginDialog __init__ - 加载的登录信息: 用户名=, 密码=
[2026-06-06 20:30:04] showEvent被调用
[2026-06-06 20:30:04] _auto_fill_pending: True
[2026-06-06 20:30:04] username: , password: 无
[2026-06-06 20:30:04] 没有保存的登录信息，跳过自动填充
[2026-06-06 20:32:59] LoginDialog __init__ - 加载的登录信息: 用户名=, 密码=
[2026-06-06 20:33:00] showEvent被调用
[2026-06-06 20:33:00] _auto_fill_pending: True
[2026-06-06 20:33:00] username: , password: 无
[2026-06-06 20:33:00] 没有保存的登录信息，跳过自动填充
